<?xml version="1.0" encoding="UTF-8"?>
<testng-results ignored="0" total="0" passed="0" failed="0" skipped="0">
  <reporter-output>
  </reporter-output>
  <suite started-at="2022-10-13T15:45:32 CDT" name="Surefire suite" finished-at="2022-10-13T15:45:42 CDT" duration-ms="9243">
    <groups>
    </groups>
    <test started-at="2022-10-13T15:45:32 CDT" name="Surefire test" finished-at="2022-10-13T15:45:42 CDT" duration-ms="9243">
    </test> <!-- Surefire test -->
  </suite> <!-- Surefire suite -->
</testng-results>
