<?xml version="1.0" encoding="UTF-8"?>
<!-- Generated by org.testng.reporters.JUnitXMLReporter -->
<testsuite ignored="2" hostname="DESKTOP-SBK79B5" failures="0" tests="1" name="Test1" time="8.545" errors="0" timestamp="2020-10-12T21:48:46 MDT">
  <testcase classname="test.ToolsQA_TestNG" name="checkBoxForm" time="4.847"/>
  <testcase classname="test.ToolsQA_TestNG" name="alertsForm" time="0.0">
    <ignored/>
  </testcase> <!-- alertsForm -->
  <testcase classname="test.ToolsQA_TestNG" name="textBoxForm" time="0.0">
    <ignored/>
  </testcase> <!-- textBoxForm -->
</testsuite> <!-- Test1 -->
