<?xml version="1.0" encoding="UTF-8"?>
<!-- Generated by org.testng.reporters.JUnitXMLReporter -->
<testsuite ignored="0" hostname="DESKTOP-KUCIMR5" failures="0" tests="1" name="Sauce1" time="4.798" errors="0" timestamp="2022-09-07T16:00:32 CDT">
  <testcase classname="test.TextBox_Tests" name="@BeforeMethod TextBoxTestSetup" time="0.002">
    <failure type="java.lang.NullPointerException" message="Cannot invoke &amp;quot;org.openqa.selenium.WebDriver.findElement(org.openqa.selenium.By)&amp;quot; because &amp;quot;this.driver&amp;quot; is null">
      <![CDATA[java.lang.NullPointerException: Cannot invoke "org.openqa.selenium.WebDriver.findElement(org.openqa.selenium.By)" because "this.driver" is null
at pages.HomePageObjects.clickStoreTab(HomePageObjects.java:24)
at test.TextBox_Tests.TextBoxTestSetup(TextBox_Tests.java:23)
at java.base/java.util.concurrent.ThreadPoolExecutor.runWorker(ThreadPoolExecutor.java:1136)
at java.base/java.util.concurrent.ThreadPoolExecutor$Worker.run(ThreadPoolExecutor.java:635)
at java.base/java.lang.Thread.run(Thread.java:833)
... Removed 16 stack frames]]>
    </failure>
  </testcase> <!-- @BeforeMethod TextBoxTestSetup -->
  <testcase classname="test.TestBaseSetup" name="@AfterMethod tearDownTest" time="-1.662584432822E9">
    <skipped/>
  </testcase> <!-- @AfterMethod tearDownTest -->
  <testcase classname="test.TextBox_Tests" name="TB1" time="0.0">
    <skipped/>
  </testcase> <!-- TB1 -->
</testsuite> <!-- Sauce1 -->
