<?xml version="1.0" encoding="UTF-8"?>
<!-- Generated by org.testng.reporters.JUnitXMLReporter -->
<testsuite ignored="2" hostname="DESKTOP-SBK79B5" failures="0" tests="5" name="test" time="22.641" errors="0" timestamp="2020-12-26T11:06:36 MST">
  <testcase classname="test.Browser_Tests" name="BW1" time="0.341"/>
  <testcase classname="test.Alerts_Tests" name="AL1" time="0.337"/>
  <testcase classname="test.TextBox_Tests" name="TB1" time="0.541"/>
  <testcase classname="test.TextBox_Tests" name="TB2" time="0.744"/>
  <testcase classname="test.Alerts_Tests" name="AL2" time="6.345"/>
  <testcase classname="test.BaseSetupClass" name="@BeforeSuite setUpTest" time="0.0">
    <ignored/>
  </testcase> <!-- @BeforeSuite setUpTest -->
  <testcase classname="test.BaseSetupClass" name="@BeforeSuite setUpTest" time="0.0">
    <ignored/>
  </testcase> <!-- @BeforeSuite setUpTest -->
</testsuite> <!-- test -->
