<?xml version="1.0" encoding="UTF-8"?>
<testsuite xmlns:xsi="http://www.w3.org/2001/XMLSchema-instance" xsi:noNamespaceSchemaLocation="https://maven.apache.org/surefire/maven-surefire-plugin/xsd/surefire-test-report-3.0.xsd" version="3.0" name="cucumberTestRunners.CucumberTest" time="9.346" tests="9" errors="0" skipped="0" failures="0">
  <properties>
[...]
</properties>
  <testcase name="The website is loaded" classname="The user is able to add a Anchor Bracelet to the Cart" time="0.917">
    <system-out><![CDATA[
@TestID=10000 @Author=EG @Regression
Scenario: The user is able to add a Anchor Bracelet to the Cart &amp#27;[90m# src/test/resources/Features/AddItemToCart.feature:4&amp#27;[0m
]]></system-out>
    <system-err><![CDATA[SLF4J: Failed to load class "org.slf4j.impl.StaticLoggerBinder".
SLF4J: Defaulting to no-operation (NOP) logger implementation
SLF4J: See http://www.slf4j.org/codes.html#StaticLoggerBinder for further details.
Starting ChromeDriver 106.0.5249.61 (511755355844955cd3e264779baf0dd38212a4d0-refs/branch-heads/5249@{#569}) on port 37721
Only local connections are allowed.
Please see https://chromedriver.chromium.org/security-considerations for suggestions on keeping ChromeDriver safe.
ChromeDriver was started successfully.
Oct 13, 2022 3:48:29 PM org.openqa.selenium.remote.ProtocolHandshake createSession
INFO: Detected dialect: W3C
]]></system-err>
  </testcase>
  <testcase name="The user adds an Item to the cart" classname="The user is able to add a Anchor Bracelet to the Cart" time="1.936">
    <system-out><![CDATA[  &amp#27;[32mGiven &amp#27;[0m&amp#27;[32mThe website is loaded&amp#27;[0m                                   &amp#27;[90m# StepDefs.StepDefs.the_website_is_loaded()&amp#27;[0m
]]></system-out>
  </testcase>
  <testcase name="The user navigates to the cart" classname="The user is able to add a Anchor Bracelet to the Cart" time="1.039">
    <system-out><![CDATA[  &amp#27;[32mAnd &amp#27;[0m&amp#27;[32mThe user adds an Item to the cart&amp#27;[0m                         &amp#27;[90m# StepDefs.StepDefs.the_user_adds_an_item_to_the_cart()&amp#27;[0m
]]></system-out>
  </testcase>
  <testcase name="The item is displayed in the cart" classname="The user is able to add a Anchor Bracelet to the Cart" time="0.061">
    <system-out><![CDATA[  &amp#27;[32mWhen &amp#27;[0m&amp#27;[32mThe user navigates to the cart&amp#27;[0m                           &amp#27;[90m# StepDefs.StepDefs.the_user_navigates_to_the_cart()&amp#27;[0m
]]></system-out>
  </testcase>
  <testcase name="" classname="The user is able to add a Anchor Bracelet to the Cart" time="0.203">
    <system-out><![CDATA[  &amp#27;[32mThen &amp#27;[0m&amp#27;[32mThe item is displayed in the cart&amp#27;[0m                        &amp#27;[90m# StepDefs.StepDefs.the_item_is_displayed_in_the_cart()&amp#27;[0m
Quitting driver.
]]></system-out>
  </testcase>
  <testcase name="The website is loaded" classname="The Contact page displays the required information" time="0.857">
    <system-out><![CDATA[
@TestID=10001 @Author=EG @Regression
Scenario: The Contact page displays the required information     &amp#27;[90m# src/test/resources/Features/ValidateContactPage.feature:4&amp#27;[0m
]]></system-out>
    <system-err><![CDATA[Starting ChromeDriver 106.0.5249.61 (511755355844955cd3e264779baf0dd38212a4d0-refs/branch-heads/5249@{#569}) on port 21196
Only local connections are allowed.
Please see https://chromedriver.chromium.org/security-considerations for suggestions on keeping ChromeDriver safe.
ChromeDriver was started successfully.
Oct 13, 2022 3:48:34 PM org.openqa.selenium.remote.ProtocolHandshake createSession
INFO: Detected dialect: W3C
]]></system-err>
  </testcase>
  <testcase name="The user navigates to the Contact page" classname="The Contact page displays the required information" time="0.082">
    <system-out><![CDATA[  &amp#27;[32mGiven &amp#27;[0m&amp#27;[32mThe website is loaded&amp#27;[0m                                    &amp#27;[90m# StepDefs.StepDefs.the_website_is_loaded()&amp#27;[0m
]]></system-out>
  </testcase>
  <testcase name="The required information is displayed on the Contact page" classname="The Contact page displays the required information" time="0.583">
    <system-out><![CDATA[  &amp#27;[32mWhen &amp#27;[0m&amp#27;[32mThe user navigates to the Contact page&amp#27;[0m                    &amp#27;[90m# StepDefs.StepDefs.the_user_navigates_to_the_contact_page()&amp#27;[0m
]]></system-out>
  </testcase>
  <testcase name="" classname="The Contact page displays the required information" time="0.75">
    <system-out><![CDATA[  &amp#27;[32mThen &amp#27;[0m&amp#27;[32mThe required information is displayed on the Contact page&amp#27;[0m &amp#27;[90m# StepDefs.StepDefs.the_required_information_is_displayed_on_the_contact_page()&amp#27;[0m
Quitting driver.
]]></system-out>
  </testcase>
</testsuite>